<?xml version="1.0" encoding="UTF-8"?>
<!-- Generated by org.testng.reporters.JUnitXMLReporter -->
<testsuite hostname="DESKTOP-LV43S8E" ignored="0" name="Search_item" tests="11" failures="0" timestamp="2021-09-26T07:46:34 IST" time="71.022" errors="0">
  <testcase name="searchElement" time="7.654" classname="runner.Runner"/>
  <testcase name="searchElement" time="4.861" classname="runner.Runner"/>
  <testcase name="trackOrder" time="6.189" classname="runner.Runner"/>
  <testcase name="trackOrder" time="5.036" classname="runner.Runner"/>
  <testcase name="bulkOrder" time="4.122" classname="runner.Runner"/>
  <testcase name="logIn" time="9.358" classname="runner.Runner"/>
  <testcase name="logIn" time="13.442" classname="runner.Runner"/>
  <testcase name="navbarValidation" time="1.515" classname="runner.Runner"/>
  <testcase name="differentPaymentMethods" time="1.269" classname="runner.Runner"/>
  <testcase name="help" time="3.512" classname="runner.Runner"/>
  <testcase name="help" time="2.911" classname="runner.Runner"/>
</testsuite> <!-- Search_item -->
